f:\c++\githubse\softwareengineering\wc\wc\release\vc142.pdb
f:\c++\githubse\softwareengineering\wc\wc\release\main.obj
f:\c++\githubse\softwareengineering\wc\wc\release\function.obj
f:\c++\githubse\softwareengineering\wc\wc\release\commandprocess.obj
f:\c++\githubse\softwareengineering\wc\wc\release\fileprocess.obj
f:\c++\githubse\softwareengineering\wc\wc\release\wc.obj
f:\c++\githubse\wcsimulation\wc\wc\release\vc142.pdb
f:\c++\githubse\wcsimulation\wc\wc\release\wc.obj
f:\c++\githubse\wcsimulation\wc\wc\release\function.obj
f:\c++\githubse\wcsimulation\wc\wc\release\fileprocess.obj
f:\c++\githubse\wcsimulation\wc\wc\release\commandprocess.obj
f:\c++\githubse\softwareengineering\wc\release\wc.exe
f:\c++\githubse\softwareengineering\wc\release\wc.pdb
f:\c++\githubse\wcsimulation\wc\release\wc.exe
f:\c++\githubse\wcsimulation\wc\release\wc.pdb
f:\c++\githubse\softwareengineering\wc\release\wc.ipdb
f:\c++\githubse\softwareengineering\wc\release\wc.iobj
f:\c++\githubse\wcsimulation\wc\release\wc.ipdb
f:\c++\githubse\wcsimulation\wc\release\wc.iobj
f:\c++\githubse\wcsimulation\wc\wc\release\main.obj
f:\c++\githubse\wcsimulation\wc\wc\release\wc.tlog\cl.command.1.tlog
f:\c++\githubse\wcsimulation\wc\wc\release\wc.tlog\cl.read.1.tlog
f:\c++\githubse\wcsimulation\wc\wc\release\wc.tlog\cl.write.1.tlog
f:\c++\githubse\wcsimulation\wc\wc\release\wc.tlog\link.command.1.tlog
f:\c++\githubse\wcsimulation\wc\wc\release\wc.tlog\link.delete.1.tlog
f:\c++\githubse\wcsimulation\wc\wc\release\wc.tlog\link.read.1.tlog
f:\c++\githubse\wcsimulation\wc\wc\release\wc.tlog\link.write.1.tlog
f:\c++\githubse\wcsimulation\wc\wc\release\wc.tlog\wc.write.1u.tlog
